<?xml version="1.0" encoding="UTF-8"?>
<!-- Generated by org.testng.reporters.JUnitXMLReporter -->
<testsuite ignored="0" hostname="DESKTOP-JH0K3SH" failures="1" tests="1" name="Test" time="16.793" errors="0" timestamp="2023-11-26T10:49:05 IST">
  <testcase classname="Test.TestCasesController2" name="CheGuevara_Search" time="7.538">
    <failure type="java.lang.AssertionError" message="null">
      <![CDATA[java.lang.AssertionError: null
at POM.GoogleSearch2.GoogleSearch(GoogleSearch2.java:54)
at Test.TestCasesController2.CheGuevara_Search(TestCasesController2.java:49)
at java.base/java.util.concurrent.ThreadPoolExecutor.runWorker(ThreadPoolExecutor.java:1128)
at java.base/java.util.concurrent.ThreadPoolExecutor$Worker.run(ThreadPoolExecutor.java:628)
at java.base/java.lang.Thread.run(Thread.java:834)
... Removed 14 stack frames]]>
    </failure>
  </testcase> <!-- CheGuevara_Search -->
</testsuite> <!-- Test -->
