<?xml version="1.0" encoding="UTF-8"?>
<testng-results ignored="0" total="2" passed="2" failed="0" skipped="0">
  <reporter-output>
  </reporter-output>
  <suite started-at="2023-11-26T12:44:08 IST" name="Suite" finished-at="2023-11-26T12:44:55 IST" duration-ms="46938">
    <groups>
    </groups>
    <test started-at="2023-11-26T12:44:08 IST" name="Test" finished-at="2023-11-26T12:44:55 IST" duration-ms="46938">
      <class name="dummy.dummy1">
        <test-method signature="dummy12()[pri:9, instance:dummy.dummy1@534a5a98]" started-at="2023-11-26T12:44:08 IST" name="dummy12" finished-at="2023-11-26T12:44:38 IST" duration-ms="29814" status="PASS">
          <reporter-output>
          </reporter-output>
        </test-method> <!-- dummy12 -->
        <test-method signature="dummy13()[pri:10, instance:dummy.dummy1@534a5a98]" started-at="2023-11-26T12:44:38 IST" name="dummy13" finished-at="2023-11-26T12:44:55 IST" duration-ms="17049" status="PASS">
          <reporter-output>
          </reporter-output>
        </test-method> <!-- dummy13 -->
      </class> <!-- dummy.dummy1 -->
    </test> <!-- Test -->
  </suite> <!-- Suite -->
</testng-results>
